**** BEGIN LOGGING AT Mon Feb 13 01:25:43 2017

feb 13 01:25:43 *	*** Looking up your hostname
feb 13 01:25:43 *	*** Found your hostname: 79.red-88-0-195.dynamicip.rima-tde.net
feb 13 01:25:43 *	Capabilities supported: multi-prefix
feb 13 01:25:43 *	Capabilities requested: multi-prefix 
feb 13 01:25:43 *	Capabilities acknowledged: multi-prefix
**** ENDING LOGGING AT Mon Feb 13 01:25:43 2017

**** BEGIN LOGGING AT Mon Feb 13 01:25:43 2017

feb 13 01:25:43 *	Welcome to the Internet Relay Network evara!~evara@79.red-88-0-195.dynamicip.rima-tde.net
feb 13 01:25:43 *	Your host is irc.eps.net, running version ngircd-21 (x86_64/pc/linux-gnu)
feb 13 01:25:43 *	This server has been started Wed Feb 01 2017 at 18:34:12 (CET)
feb 13 01:25:43 *	irc.eps.net ngircd-21 abBcCioqrRswx abehiIklmMnoOPqQrRstvVz
feb 13 01:25:43 *	RFC2812 IRCD=ngIRCd CHARSET=UTF-8 CASEMAPPING=ascii PREFIX=(qaohv)~&@%+ CHANTYPES=#&+ CHANMODES=beI,k,l,imMnOPQRstVz CHANLIMIT=#&+:20 :are supported on this server
feb 13 01:25:43 *	CHANNELLEN=50 NICKLEN=9 TOPICLEN=490 AWAYLEN=127 KICKLEN=400 MODES=5 MAXLIST=beI:50 EXCEPTS=e INVEX=I PENALTY :are supported on this server
feb 13 01:25:43 *	There are 6 users and 0 services on 1 servers
feb 13 01:25:43 *	9 :channels formed
feb 13 01:25:43 *	I have 6 users, 0 services and 0 servers
feb 13 01:25:43 *	6 50 :Current local users: 6, Max: 50
feb 13 01:25:43 *	6 50 :Current global users: 6, Max: 50
feb 13 01:25:43 *	Highest connection count: 51 (2358 connections received)
feb 13 01:25:43 *	- irc.eps.net message of the day
feb 13 01:25:43 *	- **************************************************
feb 13 01:25:43 *	- *                H    O    L    A                *
feb 13 01:25:43 *	- *  Este es un servidor irc exclusivamente        *
feb 13 01:25:43 *	- *  dedicado a la asignatura de Arquitectura de   *
feb 13 01:25:43 *	- *  Redes 2 de Ingeniería Informática de la UAM.  *
feb 13 01:25:43 *	- **************************************************
feb 13 01:25:43 *	- *         A   T   E   N   C   I   Ó   N          *
feb 13 01:25:43 *	- *  Existe un canal permanente para que todos     *
feb 13 01:25:43 *	- *  podáis acudir a él, este canal es: #redes2    *
feb 13 01:25:43 *	- **************************************************
feb 13 01:25:43 *	- 
feb 13 01:25:43 *	- 
feb 13 01:25:43 *	- FAQ:
feb 13 01:25:43 *	- 
feb 13 01:25:43 *	- 
feb 13 01:25:43 *	- Cuestión Inicial
feb 13 01:25:43 *	- ----------------
feb 13 01:25:43 *	- RTFM significa que leas primero este FAQ y después preguntes.
feb 13 01:25:43 *	- 
feb 13 01:25:43 *	- Cuestión 0
feb 13 01:25:43 *	- ----------
feb 13 01:25:43 *	- Si algún elemento no parece funcionar correctamente es
feb 13 01:25:43 *	- probable que lo estéis haciendo mal. Si tras comprobarlo es
feb 13 01:25:43 *	- posible que sea un error de desarrollo hay que reportarlo
feb 13 01:25:43 *	- según el procedimiento indicado y dedicar el tiempo a otros
feb 13 01:25:43 *	- elementos de la práctica mientras se recibe la respuesta del
feb 13 01:25:43 *	- reporte.
feb 13 01:25:43 *	- 
feb 13 01:25:43 *	- Cuestión 1
feb 13 01:25:43 *	- ----------
feb 13 01:25:43 *	- 
feb 13 01:25:43 *	- Actualiza siempre antes de empezar el paquete eps-redes2.
feb 13 01:25:43 *	- Para ello basta con ejecutar:
feb 13 01:25:43 *	- 
feb 13 01:25:43 *	- sudo apt-get update; sudo apt-get install eps-redes2
feb 13 01:25:43 *	- 
feb 13 01:25:43 *	- Cuestion 2
feb 13 01:25:43 *	- ----------
feb 13 01:25:43 *	- Funciones útiles para obtener la IP propia: getifaddrs, 
feb 13 01:25:43 *	- getsockname, gethostbyname y gethostbyaddr. Utilizad man 
feb 13 01:25:43 *	- para comprender su funcionalidad. Junto a ellas es
feb 13 01:25:43 *	- interesante comprender las funciones inet_pton, inet_ntoa e
feb 13 01:25:43 *	- inet_aton.
feb 13 01:25:43 *	- 
feb 13 01:25:43 *	- Cuestion 3
feb 13 01:25:43 *	- ----------
feb 13 01:25:43 *	- Algunas funciones pueden devolver IRCERR_ERRONEUSCOMMAND y
feb 13 01:25:43 *	- sin embargo parsear correctamente. Esto se debe a que el
feb 13 01:25:43 *	- mensaje no es estándar y no ha podido ser parseado, sin
feb 13 01:25:43 *	- embargo, todos los parámetros y el mensaje se parsean
feb 13 01:25:43 *	- correctamente. Las funciones que pueden hacer esto se
feb 13 01:25:43 *	- distinguen porque el parámetro correspondiente al 
feb 13 01:25:43 *	- mensaje no es el último en la función.
feb 13 01:25:43 *	- 
feb 13 01:25:43 *	- Cuestion 4
feb 13 01:25:43 *	- ----------
feb 13 01:25:43 *	- Algunos comandos como IRCParse_RplBounce (005) no se
feb 13 01:25:43 *	- corresponden con los mensajes correspondientes porque
feb 13 01:25:43 *	- algunos servidores basados en protocolos no RFC cambian
feb 13 01:25:43 *	- su estructura. En estos casos se presenta el mensaje
feb 13 01:25:43 *	- recibido completamente y ya está.
feb 13 01:25:43 *	- 
feb 13 01:25:43 *	- Cuestion 5
feb 13 01:25:43 *	- ----------
feb 13 01:25:43 *	- Los mensajes recibidos se presentarán normalmente en la
feb 13 01:25:43 *	- ventana de sistema salvo que sean propios de un canal y
feb 13 01:25:43 *	- por tanto se presentarán en ese canal.
feb 13 01:25:43 *	- 
feb 13 01:25:43 *	- Cuestion 6
feb 13 01:25:43 *	- ----------
feb 13 01:25:43 *	- Cuando se envía un mensaje debe enviarse con la longitud
feb 13 01:25:43 *	- correcta. Si se envían caracteres de más el servidor 
feb 13 01:25:43 *	- puede procesarlos y devolver basura que después intentará
feb 13 01:25:43 *	- procesar IRC_UnPipelineCommands produciendo problemas.
feb 13 01:25:43 *	- Calculad correctamente la longitud del mensaje enviado.
feb 13 01:25:43 *	- 
feb 13 01:25:43 *	- Cuestion 7
feb 13 01:25:43 *	- ----------
feb 13 01:25:43 *	- Leed en http://metis.ii.uam.es/redes2 el funcionamiento del
feb 13 01:25:43 *	- comando IRC_UnPipelineCommands en el que está bien explicada 
feb 13 01:25:43 *	- esta función.
feb 13 01:25:43 *	- 
feb 13 01:25:43 *	- Microtutorial sobre envío de ficheros
feb 13 01:25:43 *	- -------------------------------------
feb 13 01:25:43 *	- 
feb 13 01:25:43 *	- Existen dos formas de implementar el envío de ficheros.
feb 13 01:25:43 *	- La primera es introducir un comando propio dentro de un
feb 13 01:25:43 *	- mensaje DCC. Ese comando sería el FSEND, FACCEPT o FCANCEL.
feb 13 01:25:43 *	- Como parámetros del comando FSEND irían la propia IP, el puerto,
feb 13 01:25:43 *	- el nombre del fichero y su tamaño. El emisor abriría
feb 13 01:25:43 *	- previamente como servidor un puerto. El FACCEPT comunicaría
feb 13 01:25:43 *	- que se va a coger el fichero. El que recibe el fichero
feb 13 01:25:43 *	- abriría un puerto de cliente y empezaría a bajar lo que le
feb 13 01:25:43 *	- enviase el servidor. También se puede invertir quién es
feb 13 01:25:43 *	- servidor y quién cliente.
feb 13 01:25:43 *	- 
feb 13 01:25:43 *	- La segunda es que lo mismo se puede hacer con comandos 
feb 13 01:25:43 *	- propios sobre PRIVMSG, parseando antes de enviar el mensaje.
feb 13 01:25:43 *	- 
feb 13 01:25:43 *	- Las funciones para conseguir la IP están en una de las
feb 13 01:25:43 *	- cuestiones del FAQ.
feb 13 01:25:43 *	-                     
feb 13 01:25:43 *	End of MOTD command
